<?xml version="1.0" encoding="UTF-8"?>
<!-- Generated by org.testng.reporters.JUnitReportReporter -->
<testsuite skipped="0" hostname="PC-PC" name="AddDivision" tests="1" failures="0" timestamp="26 Feb 2018 07:42:21 GMT" time="60.892" errors="0">
  <testcase name="read" time="60.892" classname="AddDivision"/>
</testsuite> <!-- AddDivision -->
