<?xml version="1.0" encoding="UTF-8"?>
<!-- Generated by org.testng.reporters.JUnitReportReporter -->
<testsuite skipped="0" hostname="PC-PC" name="Executions.ViewProblemsExecution" tests="1" failures="0" timestamp="23 Feb 2018 08:00:37 GMT" time="29.752" errors="0">
  <testcase name="problems" time="29.752" classname="Executions.ViewProblemsExecution"/>
</testsuite> <!-- Executions.ViewProblemsExecution -->
