<?xml version="1.0" encoding="UTF-8"?>
<!-- Generated by org.testng.reporters.JUnitReportReporter -->
<testsuite skipped="0" hostname="PC-PC" name="Executions.AdminLoginExecutions" tests="1" failures="0" timestamp="26 Feb 2018 08:53:44 GMT" time="63.421" errors="0">
  <testcase name="adminLoginEx" time="63.421" classname="Executions.AdminLoginExecutions"/>
</testsuite> <!-- Executions.AdminLoginExecutions -->
