<?xml version="1.0" encoding="UTF-8"?>
<!-- Generated by org.testng.reporters.JUnitReportReporter -->
<testsuite skipped="0" hostname="PC-PC" name="Executions.DivisionExecution" tests="1" failures="0" timestamp="09 Feb 2018 11:07:40 GMT" time="20.419" errors="0">
  <testcase name="Signin" time="20.419" classname="Executions.DivisionExecution"/>
</testsuite> <!-- Executions.DivisionExecution -->
