<?xml version="1.0" encoding="UTF-8"?>
<!-- Generated by org.testng.reporters.JUnitReportReporter -->
<testsuite skipped="0" hostname="PC-PC" name="Executions.ViewConstitutionExecution" tests="1" failures="0" timestamp="22 Feb 2018 11:17:19 GMT" time="30.293" errors="0">
  <testcase name="Signin" time="30.293" classname="Executions.ViewConstitutionExecution"/>
</testsuite> <!-- Executions.ViewConstitutionExecution -->
