<?xml version="1.0" encoding="UTF-8"?>
<!-- Generated by org.testng.reporters.JUnitReportReporter -->
<testsuite skipped="0" hostname="PC-PC" name="Executions.AddConstitutionExecution" tests="1" failures="0" timestamp="22 Feb 2018 10:27:36 GMT" time="15.486" errors="0">
  <testcase name="Signin" time="15.486" classname="Executions.AddConstitutionExecution"/>
</testsuite> <!-- Executions.AddConstitutionExecution -->
